🆕 [YELLOW] Blind Person Off-Path @ Тole Bi & Abay Ave

🚀 Jyldam server running on http://localhost:4000
📡 WebSocket ready
🎯 Simulation active — incidents will auto-generate every 8-15 seconds

🔌 Client connected: _bZLKn3gDGTstRf9AAAB
🆕 [YELLOW] Elderly Fall @ Central Bazaar
🆕 [YELLOW] Blind Person Off-Path @ City Park South Gate
🆕 [YELLOW] Accessibility Hazard @ Railway Station Square
🆕 [RED] Accident Detected @ Micro-district 5 Junction
🆕 [YELLOW] Lost Child @ Zhambyl Park Alley
🆕 [YELLOW] Lost Child @ Hospital #3 Entrance
🆕 [RED] Child Near Road @ Auezov Street Crossing
🆕 [YELLOW] Elderly Fall @ School #17 Pedestrian Zone
🆕 [RED] Child Near Road @ Zhambyl Park Alley
🆕 [RED] Accident Detected @ Micro-district 5 Junction
🆕 [RED] Heart Attack @ Hospital #3 Entrance
  📢 Pinged 1 volunteers within 100m
🔌 Client connected: MsqDTAhwce1aCAJkAAAD
🔄 Demo reset triggered.
❌ Client disconnected: MsqDTAhwce1aCAJkAAAD
🔌 Client connected: PMFyRsHI5ZiLBrViAAAF
🆕 [MANUAL RED] Medical Emergency (Seizure) @ Тole Bi & Abay Ave

📱 [TELEGRAM ALERT] Sending message to Chat ID JURY_CHAT_ID_HERE:
   "🚨 EMERGENCY: Medical Emergency (Seizure) at Тole Bi & Abay Ave!"

🔌 Client connected: nE1bhn7QygrbxQsFAAAH
🔌 Client connected: byvyksohME9lLrZlAAAJ
🆕 [MANUAL YELLOW] Heavy Fall @ Тole Bi & Abay Ave
🔌 Client connected: PGMTYUjHeNtYWgwhAAAL
❌ Client disconnected: PMFyRsHI5ZiLBrViAAAF
🔄 Demo reset triggered.
🔄 Demo reset triggered.
❌ Client disconnected: PGMTYUjHeNtYWgwhAAAL
❌ Client disconnected: nE1bhn7QygrbxQsFAAAH
❌ Client disconnected: byvyksohME9lLrZlAAAJ
❌ Client disconnected: _bZLKn3gDGTstRf9AAAB
🔌 Client connected: 6xl9KzjkNT8wpx7FAAAN
🔌 Client connected: NEQQMKynuMWg5x7rAAAP
🔌 Client connected: SPVzQiJFlZY-9VgCAAAR
🔌 Client connected: N6AbtUC0dANrjuYkAAAT
❌ Client disconnected: NEQQMKynuMWg5x7rAAAP
🔌 Client connected: AIDl7nTaT7M3AVFjAAAV
❌ Client disconnected: 6xl9KzjkNT8wpx7FAAAN
🔌 Client connected: 6jvXAgvQUZMtScvVAAAX
